<?xml version="1.0" encoding="UTF-8"?>
<!-- Generated by org.testng.reporters.JUnitReportReporter -->
<testsuite skipped="0" hostname="edu20-PC" name="login_module.Elixir_loginTest" tests="1" failures="0" timestamp="20 Jun 2018 10:29:37 GMT" time="0.316" errors="0">
  <testcase name="login" time="0.316" classname="login_module.Elixir_loginTest"/>
</testsuite> <!-- login_module.Elixir_loginTest -->
