<?xml version="1.0" encoding="UTF-8"?>
<!-- Generated by org.testng.reporters.JUnitReportReporter -->
<testsuite skipped="0" hostname="edu20-PC" name="testng.Sample1_Test" tests="1" failures="0" timestamp="15 Jun 2018 10:52:27 GMT" time="0.002" errors="0">
  <testcase name="b" time="0.002" classname="testng.Sample1_Test"/>
</testsuite> <!-- testng.Sample1_Test -->
