<?xml version="1.0" encoding="UTF-8"?>
<!-- Generated by org.testng.reporters.JUnitReportReporter -->
<testsuite skipped="0" hostname="edu20-PC" name="testng.Sbialerts_Test" tests="2" failures="0" timestamp="15 Jun 2018 10:52:27 GMT" time="20.555" errors="0">
  <testcase name="browser" time="13.357" classname="testng.Sbialerts_Test"/>
  <testcase name="login" time="7.198" classname="testng.Sbialerts_Test"/>
</testsuite> <!-- testng.Sbialerts_Test -->
